running egg_info
creating build/my_package/my_package.egg-info
writing build/my_package/my_package.egg-info/PKG-INFO
writing dependency_links to build/my_package/my_package.egg-info/dependency_links.txt
writing entry points to build/my_package/my_package.egg-info/entry_points.txt
writing requirements to build/my_package/my_package.egg-info/requires.txt
writing top-level names to build/my_package/my_package.egg-info/top_level.txt
writing manifest file 'build/my_package/my_package.egg-info/SOURCES.txt'
reading manifest file 'build/my_package/my_package.egg-info/SOURCES.txt'
adding license file 'LICENSE'
writing manifest file 'build/my_package/my_package.egg-info/SOURCES.txt'
running build
running build_py
creating /home/rassito/Documents/ros_projects/CyberPancho_Project/CyberPancho_Laberinth/src/my_package/build/my_package/build
creating /home/rassito/Documents/ros_projects/CyberPancho_Project/CyberPancho_Laberinth/src/my_package/build/my_package/build/lib
creating /home/rassito/Documents/ros_projects/CyberPancho_Project/CyberPancho_Laberinth/src/my_package/build/my_package/build/lib/my_package
copying my_package/cyberPancho_driver.py -> /home/rassito/Documents/ros_projects/CyberPancho_Project/CyberPancho_Laberinth/src/my_package/build/my_package/build/lib/my_package
copying my_package/wallFollower_driver.py -> /home/rassito/Documents/ros_projects/CyberPancho_Project/CyberPancho_Laberinth/src/my_package/build/my_package/build/lib/my_package
copying my_package/__init__.py -> /home/rassito/Documents/ros_projects/CyberPancho_Project/CyberPancho_Laberinth/src/my_package/build/my_package/build/lib/my_package
running install
running install_lib
creating /home/rassito/Documents/ros_projects/CyberPancho_Project/CyberPancho_Laberinth/src/my_package/install/my_package/lib/python3.12/site-packages/my_package
copying /home/rassito/Documents/ros_projects/CyberPancho_Project/CyberPancho_Laberinth/src/my_package/build/my_package/build/lib/my_package/cyberPancho_driver.py -> /home/rassito/Documents/ros_projects/CyberPancho_Project/CyberPancho_Laberinth/src/my_package/install/my_package/lib/python3.12/site-packages/my_package
copying /home/rassito/Documents/ros_projects/CyberPancho_Project/CyberPancho_Laberinth/src/my_package/build/my_package/build/lib/my_package/wallFollower_driver.py -> /home/rassito/Documents/ros_projects/CyberPancho_Project/CyberPancho_Laberinth/src/my_package/install/my_package/lib/python3.12/site-packages/my_package
copying /home/rassito/Documents/ros_projects/CyberPancho_Project/CyberPancho_Laberinth/src/my_package/build/my_package/build/lib/my_package/__init__.py -> /home/rassito/Documents/ros_projects/CyberPancho_Project/CyberPancho_Laberinth/src/my_package/install/my_package/lib/python3.12/site-packages/my_package
byte-compiling /home/rassito/Documents/ros_projects/CyberPancho_Project/CyberPancho_Laberinth/src/my_package/install/my_package/lib/python3.12/site-packages/my_package/cyberPancho_driver.py to cyberPancho_driver.cpython-312.pyc
byte-compiling /home/rassito/Documents/ros_projects/CyberPancho_Project/CyberPancho_Laberinth/src/my_package/install/my_package/lib/python3.12/site-packages/my_package/wallFollower_driver.py to wallFollower_driver.cpython-312.pyc
byte-compiling /home/rassito/Documents/ros_projects/CyberPancho_Project/CyberPancho_Laberinth/src/my_package/install/my_package/lib/python3.12/site-packages/my_package/__init__.py to __init__.cpython-312.pyc
running install_data
creating /home/rassito/Documents/ros_projects/CyberPancho_Project/CyberPancho_Laberinth/src/my_package/install/my_package/share/ament_index
creating /home/rassito/Documents/ros_projects/CyberPancho_Project/CyberPancho_Laberinth/src/my_package/install/my_package/share/ament_index/resource_index
creating /home/rassito/Documents/ros_projects/CyberPancho_Project/CyberPancho_Laberinth/src/my_package/install/my_package/share/ament_index/resource_index/packages
copying resource/my_package -> /home/rassito/Documents/ros_projects/CyberPancho_Project/CyberPancho_Laberinth/src/my_package/install/my_package/share/ament_index/resource_index/packages
creating /home/rassito/Documents/ros_projects/CyberPancho_Project/CyberPancho_Laberinth/src/my_package/install/my_package/share/my_package/launch
copying launch/robot_launch.py -> /home/rassito/Documents/ros_projects/CyberPancho_Project/CyberPancho_Laberinth/src/my_package/install/my_package/share/my_package/launch
creating /home/rassito/Documents/ros_projects/CyberPancho_Project/CyberPancho_Laberinth/src/my_package/install/my_package/share/my_package/worlds
copying worlds/car_cyberPancho.wbt -> /home/rassito/Documents/ros_projects/CyberPancho_Project/CyberPancho_Laberinth/src/my_package/install/my_package/share/my_package/worlds
creating /home/rassito/Documents/ros_projects/CyberPancho_Project/CyberPancho_Laberinth/src/my_package/install/my_package/share/my_package/resource
copying resource/my_robot.urdf -> /home/rassito/Documents/ros_projects/CyberPancho_Project/CyberPancho_Laberinth/src/my_package/install/my_package/share/my_package/resource
copying package.xml -> /home/rassito/Documents/ros_projects/CyberPancho_Project/CyberPancho_Laberinth/src/my_package/install/my_package/share/my_package
running install_egg_info
Copying build/my_package/my_package.egg-info to /home/rassito/Documents/ros_projects/CyberPancho_Project/CyberPancho_Laberinth/src/my_package/install/my_package/lib/python3.12/site-packages/my_package-0.0.0-py3.12.egg-info
running install_scripts
Installing cyberPancho_driver script to /home/rassito/Documents/ros_projects/CyberPancho_Project/CyberPancho_Laberinth/src/my_package/install/my_package/lib/my_package
Installing wallFollower script to /home/rassito/Documents/ros_projects/CyberPancho_Project/CyberPancho_Laberinth/src/my_package/install/my_package/lib/my_package
writing list of installed files to '/home/rassito/Documents/ros_projects/CyberPancho_Project/CyberPancho_Laberinth/src/my_package/build/my_package/install.log'
