running egg_info
writing ../../build/my_package/my_package.egg-info/PKG-INFO
writing dependency_links to ../../build/my_package/my_package.egg-info/dependency_links.txt
writing entry points to ../../build/my_package/my_package.egg-info/entry_points.txt
writing requirements to ../../build/my_package/my_package.egg-info/requires.txt
writing top-level names to ../../build/my_package/my_package.egg-info/top_level.txt
reading manifest file '../../build/my_package/my_package.egg-info/SOURCES.txt'
adding license file 'LICENSE'
writing manifest file '../../build/my_package/my_package.egg-info/SOURCES.txt'
running build
running build_py
copying my_package/wallFollower_driver.py -> /home/rassito/Documents/ros_projects/CyberPancho_Project/CyberPancho_Laberinth/build/my_package/build/lib/my_package
running install
running install_lib
copying /home/rassito/Documents/ros_projects/CyberPancho_Project/CyberPancho_Laberinth/build/my_package/build/lib/my_package/wallFollower_driver.py -> /home/rassito/Documents/ros_projects/CyberPancho_Project/CyberPancho_Laberinth/install/my_package/lib/python3.12/site-packages/my_package
byte-compiling /home/rassito/Documents/ros_projects/CyberPancho_Project/CyberPancho_Laberinth/install/my_package/lib/python3.12/site-packages/my_package/wallFollower_driver.py to wallFollower_driver.cpython-312.pyc
running install_data
copying worlds/car_cyberPancho.wbt -> /home/rassito/Documents/ros_projects/CyberPancho_Project/CyberPancho_Laberinth/install/my_package/share/my_package/worlds
running install_egg_info
removing '/home/rassito/Documents/ros_projects/CyberPancho_Project/CyberPancho_Laberinth/install/my_package/lib/python3.12/site-packages/my_package-0.0.0-py3.12.egg-info' (and everything under it)
Copying ../../build/my_package/my_package.egg-info to /home/rassito/Documents/ros_projects/CyberPancho_Project/CyberPancho_Laberinth/install/my_package/lib/python3.12/site-packages/my_package-0.0.0-py3.12.egg-info
running install_scripts
Installing cyberPancho_driver script to /home/rassito/Documents/ros_projects/CyberPancho_Project/CyberPancho_Laberinth/install/my_package/lib/my_package
Installing wallFollower_driver script to /home/rassito/Documents/ros_projects/CyberPancho_Project/CyberPancho_Laberinth/install/my_package/lib/my_package
writing list of installed files to '/home/rassito/Documents/ros_projects/CyberPancho_Project/CyberPancho_Laberinth/build/my_package/install.log'
