[0.484s] Invoking command in '/home/rassito/Documents/ros_projects/CyberPancho_Project/CyberPancho_Hito1/src/my_package': DEBUGINFOD_URLS=https://debuginfod.ubuntu.com PYTHONPATH=/home/rassito/Documents/ros_projects/CyberPancho_Project/CyberPancho_Hito1/build/my_package/prefix_override:/usr/lib/python3/dist-packages/colcon_core/task/python/colcon_distutils_commands:/home/rassito/Documents/ros_projects/CyberPancho_Project/CyberPancho_Hito1/install/my_package/lib/python3.12/site-packages:${PYTHONPATH} /usr/bin/python3 -W ignore:setup.py install is deprecated -W ignore:easy_install command is deprecated setup.py egg_info --egg-base ../../build/my_package build --build-base /home/rassito/Documents/ros_projects/CyberPancho_Project/CyberPancho_Hito1/build/my_package/build install --record /home/rassito/Documents/ros_projects/CyberPancho_Project/CyberPancho_Hito1/build/my_package/install.log --single-version-externally-managed install_data
[0.645s] running egg_info
[0.657s] writing ../../build/my_package/my_package.egg-info/PKG-INFO
[0.665s] writing dependency_links to ../../build/my_package/my_package.egg-info/dependency_links.txt
[0.665s] writing entry points to ../../build/my_package/my_package.egg-info/entry_points.txt
[0.665s] writing requirements to ../../build/my_package/my_package.egg-info/requires.txt
[0.665s] writing top-level names to ../../build/my_package/my_package.egg-info/top_level.txt
[0.689s] reading manifest file '../../build/my_package/my_package.egg-info/SOURCES.txt'
[0.689s] adding license file 'LICENSE'
[0.690s] writing manifest file '../../build/my_package/my_package.egg-info/SOURCES.txt'
[0.690s] running build
[0.690s] running build_py
[0.690s] running install
[0.695s] running install_lib
[0.707s] running install_data
[0.708s] running install_egg_info
[0.720s] removing '/home/rassito/Documents/ros_projects/CyberPancho_Project/CyberPancho_Hito1/install/my_package/lib/python3.12/site-packages/my_package-0.0.0-py3.12.egg-info' (and everything under it)
[0.720s] Copying ../../build/my_package/my_package.egg-info to /home/rassito/Documents/ros_projects/CyberPancho_Project/CyberPancho_Hito1/install/my_package/lib/python3.12/site-packages/my_package-0.0.0-py3.12.egg-info
[0.721s] running install_scripts
[0.800s] Installing cyberPancho_driver script to /home/rassito/Documents/ros_projects/CyberPancho_Project/CyberPancho_Hito1/install/my_package/lib/my_package
[0.800s] writing list of installed files to '/home/rassito/Documents/ros_projects/CyberPancho_Project/CyberPancho_Hito1/build/my_package/install.log'
[0.816s] Invoked command in '/home/rassito/Documents/ros_projects/CyberPancho_Project/CyberPancho_Hito1/src/my_package' returned '0': DEBUGINFOD_URLS=https://debuginfod.ubuntu.com PYTHONPATH=/home/rassito/Documents/ros_projects/CyberPancho_Project/CyberPancho_Hito1/build/my_package/prefix_override:/usr/lib/python3/dist-packages/colcon_core/task/python/colcon_distutils_commands:/home/rassito/Documents/ros_projects/CyberPancho_Project/CyberPancho_Hito1/install/my_package/lib/python3.12/site-packages:${PYTHONPATH} /usr/bin/python3 -W ignore:setup.py install is deprecated -W ignore:easy_install command is deprecated setup.py egg_info --egg-base ../../build/my_package build --build-base /home/rassito/Documents/ros_projects/CyberPancho_Project/CyberPancho_Hito1/build/my_package/build install --record /home/rassito/Documents/ros_projects/CyberPancho_Project/CyberPancho_Hito1/build/my_package/install.log --single-version-externally-managed install_data
