[0.761s] Invoking command in '/home/eugenio/GitHub/cyberPancho_lidar/cyberPancho_sim': DEBUGINFOD_URLS=https://debuginfod.ubuntu.com PYTHONPATH=/home/eugenio/GitHub/cyberPancho_lidar/build/cyberPancho_sim/prefix_override:/usr/lib/python3/dist-packages/colcon_core/task/python/colcon_distutils_commands:/home/eugenio/GitHub/cyberPancho_lidar/install/cyberPancho_sim/lib/python3.12/site-packages:${PYTHONPATH} /usr/bin/python3 -W ignore:setup.py install is deprecated -W ignore:easy_install command is deprecated setup.py egg_info --egg-base ../build/cyberPancho_sim build --build-base /home/eugenio/GitHub/cyberPancho_lidar/build/cyberPancho_sim/build install --record /home/eugenio/GitHub/cyberPancho_lidar/build/cyberPancho_sim/install.log --single-version-externally-managed install_data
[1.009s] running egg_info
[1.030s] writing ../build/cyberPancho_sim/cyberPancho_sim.egg-info/PKG-INFO
[1.030s] writing dependency_links to ../build/cyberPancho_sim/cyberPancho_sim.egg-info/dependency_links.txt
[1.030s] writing entry points to ../build/cyberPancho_sim/cyberPancho_sim.egg-info/entry_points.txt
[1.030s] writing requirements to ../build/cyberPancho_sim/cyberPancho_sim.egg-info/requires.txt
[1.031s] writing top-level names to ../build/cyberPancho_sim/cyberPancho_sim.egg-info/top_level.txt
[1.070s] reading manifest file '../build/cyberPancho_sim/cyberPancho_sim.egg-info/SOURCES.txt'
[1.071s] writing manifest file '../build/cyberPancho_sim/cyberPancho_sim.egg-info/SOURCES.txt'
[1.071s] running build
[1.071s] running build_py
[1.071s] running install
[1.077s] running install_lib
[1.097s] running install_data
[1.097s] copying resource/lidar.urdf -> /home/eugenio/GitHub/cyberPancho_lidar/install/cyberPancho_sim/share/cyberPancho_sim/resource
[1.097s] running install_egg_info
[1.120s] removing '/home/eugenio/GitHub/cyberPancho_lidar/install/cyberPancho_sim/lib/python3.12/site-packages/cyberPancho_sim-0.0.0-py3.12.egg-info' (and everything under it)
[1.120s] Copying ../build/cyberPancho_sim/cyberPancho_sim.egg-info to /home/eugenio/GitHub/cyberPancho_lidar/install/cyberPancho_sim/lib/python3.12/site-packages/cyberPancho_sim-0.0.0-py3.12.egg-info
[1.121s] running install_scripts
[1.250s] Installing webots_robot_driver script to /home/eugenio/GitHub/cyberPancho_lidar/install/cyberPancho_sim/lib/cyberPancho_sim
[1.250s] writing list of installed files to '/home/eugenio/GitHub/cyberPancho_lidar/build/cyberPancho_sim/install.log'
[1.271s] Invoked command in '/home/eugenio/GitHub/cyberPancho_lidar/cyberPancho_sim' returned '0': DEBUGINFOD_URLS=https://debuginfod.ubuntu.com PYTHONPATH=/home/eugenio/GitHub/cyberPancho_lidar/build/cyberPancho_sim/prefix_override:/usr/lib/python3/dist-packages/colcon_core/task/python/colcon_distutils_commands:/home/eugenio/GitHub/cyberPancho_lidar/install/cyberPancho_sim/lib/python3.12/site-packages:${PYTHONPATH} /usr/bin/python3 -W ignore:setup.py install is deprecated -W ignore:easy_install command is deprecated setup.py egg_info --egg-base ../build/cyberPancho_sim build --build-base /home/eugenio/GitHub/cyberPancho_lidar/build/cyberPancho_sim/build install --record /home/eugenio/GitHub/cyberPancho_lidar/build/cyberPancho_sim/install.log --single-version-externally-managed install_data
