[0.477s] Invoking command in '/home/rassito/Documents/ros_projects/CyberPancho_Project/CyberPancho/src/my_package': DEBUGINFOD_URLS=https://debuginfod.ubuntu.com PYTHONPATH=/home/rassito/Documents/ros_projects/CyberPancho_Project/CyberPancho/build/my_package/prefix_override:/usr/lib/python3/dist-packages/colcon_core/task/python/colcon_distutils_commands:/home/rassito/Documents/ros_projects/CyberPancho_Project/CyberPancho/install/my_package/lib/python3.12/site-packages:${PYTHONPATH} /usr/bin/python3 -W ignore:setup.py install is deprecated -W ignore:easy_install command is deprecated setup.py egg_info --egg-base ../../build/my_package build --build-base /home/rassito/Documents/ros_projects/CyberPancho_Project/CyberPancho/build/my_package/build install --record /home/rassito/Documents/ros_projects/CyberPancho_Project/CyberPancho/build/my_package/install.log --single-version-externally-managed install_data
[0.638s] running egg_info
[0.650s] writing ../../build/my_package/my_package.egg-info/PKG-INFO
[0.650s] writing dependency_links to ../../build/my_package/my_package.egg-info/dependency_links.txt
[0.650s] writing entry points to ../../build/my_package/my_package.egg-info/entry_points.txt
[0.650s] writing requirements to ../../build/my_package/my_package.egg-info/requires.txt
[0.650s] writing top-level names to ../../build/my_package/my_package.egg-info/top_level.txt
[0.673s] reading manifest file '../../build/my_package/my_package.egg-info/SOURCES.txt'
[0.673s] adding license file 'LICENSE'
[0.674s] writing manifest file '../../build/my_package/my_package.egg-info/SOURCES.txt'
[0.674s] running build
[0.674s] running build_py
[0.674s] running install
[0.678s] running install_lib
[0.690s] running install_data
[0.690s] copying worlds/car_cyberPancho.wbt -> /home/rassito/Documents/ros_projects/CyberPancho_Project/CyberPancho/install/my_package/share/my_package/worlds
[0.690s] creating /home/rassito/Documents/ros_projects/CyberPancho_Project/CyberPancho/install/my_package/share/my_package/resource
[0.691s] copying resource/my_robot.urdf -> /home/rassito/Documents/ros_projects/CyberPancho_Project/CyberPancho/install/my_package/share/my_package/resource
[0.691s] copying package.xml -> /home/rassito/Documents/ros_projects/CyberPancho_Project/CyberPancho/install/my_package/share/my_package
[0.691s] running install_egg_info
[0.703s] removing '/home/rassito/Documents/ros_projects/CyberPancho_Project/CyberPancho/install/my_package/lib/python3.12/site-packages/my_package-0.0.0-py3.12.egg-info' (and everything under it)
[0.703s] Copying ../../build/my_package/my_package.egg-info to /home/rassito/Documents/ros_projects/CyberPancho_Project/CyberPancho/install/my_package/lib/python3.12/site-packages/my_package-0.0.0-py3.12.egg-info
[0.704s] running install_scripts
[0.783s] Installing my_robot_driver script to /home/rassito/Documents/ros_projects/CyberPancho_Project/CyberPancho/install/my_package/lib/my_package
[0.783s] writing list of installed files to '/home/rassito/Documents/ros_projects/CyberPancho_Project/CyberPancho/build/my_package/install.log'
[0.798s] Invoked command in '/home/rassito/Documents/ros_projects/CyberPancho_Project/CyberPancho/src/my_package' returned '0': DEBUGINFOD_URLS=https://debuginfod.ubuntu.com PYTHONPATH=/home/rassito/Documents/ros_projects/CyberPancho_Project/CyberPancho/build/my_package/prefix_override:/usr/lib/python3/dist-packages/colcon_core/task/python/colcon_distutils_commands:/home/rassito/Documents/ros_projects/CyberPancho_Project/CyberPancho/install/my_package/lib/python3.12/site-packages:${PYTHONPATH} /usr/bin/python3 -W ignore:setup.py install is deprecated -W ignore:easy_install command is deprecated setup.py egg_info --egg-base ../../build/my_package build --build-base /home/rassito/Documents/ros_projects/CyberPancho_Project/CyberPancho/build/my_package/build install --record /home/rassito/Documents/ros_projects/CyberPancho_Project/CyberPancho/build/my_package/install.log --single-version-externally-managed install_data
