[0.483s] Invoking command in '/home/rassito/Documents/ros_projects/CyberPancho_Project/CyberPancho_Laberinth/src/my_package': DEBUGINFOD_URLS=https://debuginfod.ubuntu.com PYTHONPATH=/home/rassito/Documents/ros_projects/CyberPancho_Project/CyberPancho_Laberinth/build/my_package/prefix_override:/usr/lib/python3/dist-packages/colcon_core/task/python/colcon_distutils_commands:/home/rassito/Documents/ros_projects/CyberPancho_Project/CyberPancho_Laberinth/install/my_package/lib/python3.12/site-packages:${PYTHONPATH} /usr/bin/python3 -W ignore:setup.py install is deprecated -W ignore:easy_install command is deprecated setup.py egg_info --egg-base ../../build/my_package build --build-base /home/rassito/Documents/ros_projects/CyberPancho_Project/CyberPancho_Laberinth/build/my_package/build install --record /home/rassito/Documents/ros_projects/CyberPancho_Project/CyberPancho_Laberinth/build/my_package/install.log --single-version-externally-managed install_data
[0.644s] running egg_info
[0.656s] writing ../../build/my_package/my_package.egg-info/PKG-INFO
[0.662s] writing dependency_links to ../../build/my_package/my_package.egg-info/dependency_links.txt
[0.662s] writing entry points to ../../build/my_package/my_package.egg-info/entry_points.txt
[0.662s] writing requirements to ../../build/my_package/my_package.egg-info/requires.txt
[0.662s] writing top-level names to ../../build/my_package/my_package.egg-info/top_level.txt
[0.686s] reading manifest file '../../build/my_package/my_package.egg-info/SOURCES.txt'
[0.686s] adding license file 'LICENSE'
[0.687s] writing manifest file '../../build/my_package/my_package.egg-info/SOURCES.txt'
[0.687s] running build
[0.687s] running build_py
[0.688s] copying my_package/cyberPancho_driver.py -> /home/rassito/Documents/ros_projects/CyberPancho_Project/CyberPancho_Laberinth/build/my_package/build/lib/my_package
[0.688s] copying my_package/wallFollower_driver.py -> /home/rassito/Documents/ros_projects/CyberPancho_Project/CyberPancho_Laberinth/build/my_package/build/lib/my_package
[0.688s] running install
[0.692s] running install_lib
[0.704s] copying /home/rassito/Documents/ros_projects/CyberPancho_Project/CyberPancho_Laberinth/build/my_package/build/lib/my_package/cyberPancho_driver.py -> /home/rassito/Documents/ros_projects/CyberPancho_Project/CyberPancho_Laberinth/install/my_package/lib/python3.12/site-packages/my_package
[0.704s] copying /home/rassito/Documents/ros_projects/CyberPancho_Project/CyberPancho_Laberinth/build/my_package/build/lib/my_package/wallFollower_driver.py -> /home/rassito/Documents/ros_projects/CyberPancho_Project/CyberPancho_Laberinth/install/my_package/lib/python3.12/site-packages/my_package
[0.704s] byte-compiling /home/rassito/Documents/ros_projects/CyberPancho_Project/CyberPancho_Laberinth/install/my_package/lib/python3.12/site-packages/my_package/cyberPancho_driver.py to cyberPancho_driver.cpython-312.pyc
[0.705s] byte-compiling /home/rassito/Documents/ros_projects/CyberPancho_Project/CyberPancho_Laberinth/install/my_package/lib/python3.12/site-packages/my_package/wallFollower_driver.py to wallFollower_driver.cpython-312.pyc
[0.705s] running install_data
[0.705s] copying launch/robot_launch.py -> /home/rassito/Documents/ros_projects/CyberPancho_Project/CyberPancho_Laberinth/install/my_package/share/my_package/launch
[0.706s] copying worlds/car_cyberPancho.wbt -> /home/rassito/Documents/ros_projects/CyberPancho_Project/CyberPancho_Laberinth/install/my_package/share/my_package/worlds
[0.706s] copying resource/my_robot.urdf -> /home/rassito/Documents/ros_projects/CyberPancho_Project/CyberPancho_Laberinth/install/my_package/share/my_package/resource
[0.706s] running install_egg_info
[0.719s] removing '/home/rassito/Documents/ros_projects/CyberPancho_Project/CyberPancho_Laberinth/install/my_package/lib/python3.12/site-packages/my_package-0.0.0-py3.12.egg-info' (and everything under it)
[0.719s] Copying ../../build/my_package/my_package.egg-info to /home/rassito/Documents/ros_projects/CyberPancho_Project/CyberPancho_Laberinth/install/my_package/lib/python3.12/site-packages/my_package-0.0.0-py3.12.egg-info
[0.719s] running install_scripts
[0.798s] Installing cyberPancho_driver script to /home/rassito/Documents/ros_projects/CyberPancho_Project/CyberPancho_Laberinth/install/my_package/lib/my_package
[0.799s] Installing wallFollower script to /home/rassito/Documents/ros_projects/CyberPancho_Project/CyberPancho_Laberinth/install/my_package/lib/my_package
[0.799s] writing list of installed files to '/home/rassito/Documents/ros_projects/CyberPancho_Project/CyberPancho_Laberinth/build/my_package/install.log'
[0.815s] Invoked command in '/home/rassito/Documents/ros_projects/CyberPancho_Project/CyberPancho_Laberinth/src/my_package' returned '0': DEBUGINFOD_URLS=https://debuginfod.ubuntu.com PYTHONPATH=/home/rassito/Documents/ros_projects/CyberPancho_Project/CyberPancho_Laberinth/build/my_package/prefix_override:/usr/lib/python3/dist-packages/colcon_core/task/python/colcon_distutils_commands:/home/rassito/Documents/ros_projects/CyberPancho_Project/CyberPancho_Laberinth/install/my_package/lib/python3.12/site-packages:${PYTHONPATH} /usr/bin/python3 -W ignore:setup.py install is deprecated -W ignore:easy_install command is deprecated setup.py egg_info --egg-base ../../build/my_package build --build-base /home/rassito/Documents/ros_projects/CyberPancho_Project/CyberPancho_Laberinth/build/my_package/build install --record /home/rassito/Documents/ros_projects/CyberPancho_Project/CyberPancho_Laberinth/build/my_package/install.log --single-version-externally-managed install_data
