/home/eugenio/GitHub/cyberPancho_lidar/install/cyberPancho_sim/lib/python3.12/site-packages/cyberPancho_sim/webots_robot_driver.py
/home/eugenio/GitHub/cyberPancho_lidar/install/cyberPancho_sim/lib/python3.12/site-packages/cyberPancho_sim/__init__.py
/home/eugenio/GitHub/cyberPancho_lidar/install/cyberPancho_sim/lib/python3.12/site-packages/cyberPancho_sim/__pycache__/webots_robot_driver.cpython-312.pyc
/home/eugenio/GitHub/cyberPancho_lidar/install/cyberPancho_sim/lib/python3.12/site-packages/cyberPancho_sim/__pycache__/__init__.cpython-312.pyc
/home/eugenio/GitHub/cyberPancho_lidar/install/cyberPancho_sim/share/ament_index/resource_index/packages/cyberPancho_sim
/home/eugenio/GitHub/cyberPancho_lidar/install/cyberPancho_sim/share/cyberPancho_sim/launch/robot_launch.py
/home/eugenio/GitHub/cyberPancho_lidar/install/cyberPancho_sim/share/cyberPancho_sim/launch/robot_rviz_launch.py
/home/eugenio/GitHub/cyberPancho_lidar/install/cyberPancho_sim/share/cyberPancho_sim/worlds/cyberPancho_World.wbt
/home/eugenio/GitHub/cyberPancho_lidar/install/cyberPancho_sim/share/cyberPancho_sim/resource/robot.urdf
/home/eugenio/GitHub/cyberPancho_lidar/install/cyberPancho_sim/share/cyberPancho_sim/resource/lidar.urdf
/home/eugenio/GitHub/cyberPancho_lidar/install/cyberPancho_sim/share/cyberPancho_sim/resource/urdf_view.rviz
/home/eugenio/GitHub/cyberPancho_lidar/install/cyberPancho_sim/share/cyberPancho_sim/package.xml
/home/eugenio/GitHub/cyberPancho_lidar/install/cyberPancho_sim/lib/python3.12/site-packages/cyberPancho_sim-0.0.0-py3.12.egg-info/PKG-INFO
/home/eugenio/GitHub/cyberPancho_lidar/install/cyberPancho_sim/lib/python3.12/site-packages/cyberPancho_sim-0.0.0-py3.12.egg-info/dependency_links.txt
/home/eugenio/GitHub/cyberPancho_lidar/install/cyberPancho_sim/lib/python3.12/site-packages/cyberPancho_sim-0.0.0-py3.12.egg-info/entry_points.txt
/home/eugenio/GitHub/cyberPancho_lidar/install/cyberPancho_sim/lib/python3.12/site-packages/cyberPancho_sim-0.0.0-py3.12.egg-info/zip-safe
/home/eugenio/GitHub/cyberPancho_lidar/install/cyberPancho_sim/lib/python3.12/site-packages/cyberPancho_sim-0.0.0-py3.12.egg-info/top_level.txt
/home/eugenio/GitHub/cyberPancho_lidar/install/cyberPancho_sim/lib/python3.12/site-packages/cyberPancho_sim-0.0.0-py3.12.egg-info/requires.txt
/home/eugenio/GitHub/cyberPancho_lidar/install/cyberPancho_sim/lib/python3.12/site-packages/cyberPancho_sim-0.0.0-py3.12.egg-info/SOURCES.txt
/home/eugenio/GitHub/cyberPancho_lidar/install/cyberPancho_sim/lib/cyberPancho_sim/webots_robot_driver
