[0.557s] Invoking command in '/home/rassito/Documents/ros_projects/CyberPancho/src/my_package': DEBUGINFOD_URLS=https://debuginfod.ubuntu.com PYTHONPATH=/home/rassito/Documents/ros_projects/CyberPancho/build/my_package/prefix_override:/usr/lib/python3/dist-packages/colcon_core/task/python/colcon_distutils_commands:/home/rassito/Documents/ros_projects/CyberPancho/install/my_package/lib/python3.12/site-packages:${PYTHONPATH} /usr/bin/python3 -W ignore:setup.py install is deprecated -W ignore:easy_install command is deprecated setup.py egg_info --egg-base ../../build/my_package build --build-base /home/rassito/Documents/ros_projects/CyberPancho/build/my_package/build install --record /home/rassito/Documents/ros_projects/CyberPancho/build/my_package/install.log --single-version-externally-managed install_data
[0.719s] running egg_info
[0.719s] creating ../../build/my_package/my_package.egg-info
[0.730s] writing ../../build/my_package/my_package.egg-info/PKG-INFO
[0.730s] writing dependency_links to ../../build/my_package/my_package.egg-info/dependency_links.txt
[0.730s] writing entry points to ../../build/my_package/my_package.egg-info/entry_points.txt
[0.730s] writing requirements to ../../build/my_package/my_package.egg-info/requires.txt
[0.730s] writing top-level names to ../../build/my_package/my_package.egg-info/top_level.txt
[0.730s] writing manifest file '../../build/my_package/my_package.egg-info/SOURCES.txt'
[0.753s] reading manifest file '../../build/my_package/my_package.egg-info/SOURCES.txt'
[0.753s] adding license file 'LICENSE'
[0.754s] writing manifest file '../../build/my_package/my_package.egg-info/SOURCES.txt'
[0.754s] running build
[0.754s] running build_py
[0.754s] creating /home/rassito/Documents/ros_projects/CyberPancho/build/my_package/build
[0.754s] creating /home/rassito/Documents/ros_projects/CyberPancho/build/my_package/build/lib
[0.754s] creating /home/rassito/Documents/ros_projects/CyberPancho/build/my_package/build/lib/my_package
[0.754s] copying my_package/cyberPancho_driver.py -> /home/rassito/Documents/ros_projects/CyberPancho/build/my_package/build/lib/my_package
[0.754s] copying my_package/__init__.py -> /home/rassito/Documents/ros_projects/CyberPancho/build/my_package/build/lib/my_package
[0.754s] running install
[0.758s] running install_lib
[0.770s] creating /home/rassito/Documents/ros_projects/CyberPancho/install/my_package/lib/python3.12/site-packages/my_package
[0.770s] copying /home/rassito/Documents/ros_projects/CyberPancho/build/my_package/build/lib/my_package/cyberPancho_driver.py -> /home/rassito/Documents/ros_projects/CyberPancho/install/my_package/lib/python3.12/site-packages/my_package
[0.770s] copying /home/rassito/Documents/ros_projects/CyberPancho/build/my_package/build/lib/my_package/__init__.py -> /home/rassito/Documents/ros_projects/CyberPancho/install/my_package/lib/python3.12/site-packages/my_package
[0.770s] byte-compiling /home/rassito/Documents/ros_projects/CyberPancho/install/my_package/lib/python3.12/site-packages/my_package/cyberPancho_driver.py to cyberPancho_driver.cpython-312.pyc
[0.770s] byte-compiling /home/rassito/Documents/ros_projects/CyberPancho/install/my_package/lib/python3.12/site-packages/my_package/__init__.py to __init__.cpython-312.pyc
[0.770s] running install_data
[0.771s] creating /home/rassito/Documents/ros_projects/CyberPancho/install/my_package/share/ament_index
[0.771s] creating /home/rassito/Documents/ros_projects/CyberPancho/install/my_package/share/ament_index/resource_index
[0.771s] creating /home/rassito/Documents/ros_projects/CyberPancho/install/my_package/share/ament_index/resource_index/packages
[0.771s] copying resource/my_package -> /home/rassito/Documents/ros_projects/CyberPancho/install/my_package/share/ament_index/resource_index/packages
[0.771s] copying package.xml -> /home/rassito/Documents/ros_projects/CyberPancho/install/my_package/share/my_package
[0.771s] running install_egg_info
[0.783s] Copying ../../build/my_package/my_package.egg-info to /home/rassito/Documents/ros_projects/CyberPancho/install/my_package/lib/python3.12/site-packages/my_package-0.0.0-py3.12.egg-info
[0.783s] running install_scripts
[0.864s] Installing cyberPancho_driver script to /home/rassito/Documents/ros_projects/CyberPancho/install/my_package/lib/my_package
[0.864s] writing list of installed files to '/home/rassito/Documents/ros_projects/CyberPancho/build/my_package/install.log'
[0.880s] Invoked command in '/home/rassito/Documents/ros_projects/CyberPancho/src/my_package' returned '0': DEBUGINFOD_URLS=https://debuginfod.ubuntu.com PYTHONPATH=/home/rassito/Documents/ros_projects/CyberPancho/build/my_package/prefix_override:/usr/lib/python3/dist-packages/colcon_core/task/python/colcon_distutils_commands:/home/rassito/Documents/ros_projects/CyberPancho/install/my_package/lib/python3.12/site-packages:${PYTHONPATH} /usr/bin/python3 -W ignore:setup.py install is deprecated -W ignore:easy_install command is deprecated setup.py egg_info --egg-base ../../build/my_package build --build-base /home/rassito/Documents/ros_projects/CyberPancho/build/my_package/build install --record /home/rassito/Documents/ros_projects/CyberPancho/build/my_package/install.log --single-version-externally-managed install_data
